<?xml version="1.0" encoding="UTF-8" standalone="no"?>
<testsuite errors="0" failures="0" name="io.cucumber.core.plugin.JUnitFormatter" skipped="0" tests="2" time="0.214">
    <testcase classname="User Registration" name="User registration with different data" time="0.052">
        <system-out><![CDATA[Given User is on registration page..........................................passed
When User enters following user details.....................................passed
Then user registration should be successful.................................passed
]]></system-out>
    </testcase>
    <testcase classname="User Registration" name="User registration with different data 2" time="0.003">
        <system-out><![CDATA[Given User is on registration page..........................................passed
When User enters following user details with columns........................passed
Then user registration should be successful.................................passed
]]></system-out>
    </testcase>
</testsuite>
